{"level":"notice","message":"next action: create random","metadata":{"timestamp":"2022-06-30T11:36:46.146Z"}}
{"level":"notice","message":"next action: create random","metadata":{"timestamp":"2022-06-30T11:36:49.490Z"}}
{"level":"notice","message":"next action: modify random","metadata":{"timestamp":"2022-06-30T11:36:50.379Z"}}
{"level":"notice","message":"next action: modify random","metadata":{"timestamp":"2022-06-30T11:36:51.733Z"}}
{"level":"notice","message":"next action: remove random","metadata":{"timestamp":"2022-06-30T11:36:53.164Z"}}
{"level":"notice","message":"next action: modify random","metadata":{"timestamp":"2022-06-30T11:36:56.274Z"}}
{"level":"notice","message":"next action: modify random","metadata":{"timestamp":"2022-06-30T11:36:57.773Z"}}
{"level":"notice","message":"next action: modify random","metadata":{"timestamp":"2022-06-30T11:36:58.905Z"}}
{"level":"notice","message":"next action: modify random","metadata":{"timestamp":"2022-06-30T11:36:59.144Z"}}
{"level":"notice","message":"next action: modify random","metadata":{"timestamp":"2022-06-30T11:37:01.879Z"}}
{"level":"notice","message":"next action: remove random","metadata":{"timestamp":"2022-06-30T11:37:02.829Z"}}
{"level":"notice","message":"next action: create random","metadata":{"timestamp":"2022-06-30T11:37:04.082Z"}}
{"level":"notice","message":"next action: create random","metadata":{"timestamp":"2022-06-30T11:37:07.152Z"}}
{"level":"notice","message":"next action: modify random","metadata":{"timestamp":"2022-06-30T11:37:10.507Z"}}
{"level":"notice","message":"next action: create random","metadata":{"timestamp":"2022-06-30T11:37:10.801Z"}}
{"level":"notice","message":"next action: create random","metadata":{"timestamp":"2022-06-30T11:37:12.508Z"}}
{"level":"notice","message":"next action: modify random","metadata":{"timestamp":"2022-06-30T11:37:13.193Z"}}
{"level":"notice","message":"next action: modify random","metadata":{"timestamp":"2022-06-30T11:37:15.796Z"}}
{"level":"notice","message":"next action: remove random","metadata":{"timestamp":"2022-06-30T11:37:17.435Z"}}
{"level":"notice","message":"next action: create random","metadata":{"timestamp":"2022-06-30T13:09:11.130Z"}}
{"level":"notice","message":"next action: modify random","metadata":{"timestamp":"2022-06-30T13:09:13.463Z"}}
{"level":"notice","message":"next action: create random","metadata":{"timestamp":"2022-06-30T13:09:16.155Z"}}
{"level":"notice","message":"next action: remove random","metadata":{"timestamp":"2022-06-30T13:09:18.016Z"}}
{"level":"notice","message":"next action: modify random","metadata":{"timestamp":"2022-06-30T13:09:20.616Z"}}
{"level":"notice","message":"next action: modify random","metadata":{"timestamp":"2022-06-30T13:09:20.974Z"}}
{"level":"notice","message":"next action: modify random","metadata":{"timestamp":"2022-06-30T13:09:22.554Z"}}
{"level":"notice","message":"next action: remove random","metadata":{"timestamp":"2022-06-30T13:09:23.444Z"}}
{"level":"notice","message":"next action: create random","metadata":{"timestamp":"2022-06-30T13:09:24.443Z"}}
{"level":"notice","message":"next action: modify random","metadata":{"timestamp":"2022-06-30T13:09:28.375Z"}}
{"level":"notice","message":"next action: remove random","metadata":{"timestamp":"2022-06-30T13:09:30.422Z"}}
{"level":"notice","message":"next action: create random","metadata":{"timestamp":"2022-06-30T13:09:30.917Z"}}
{"level":"notice","message":"next action: modify random","metadata":{"timestamp":"2022-06-30T13:09:35.254Z"}}
{"level":"notice","message":"next action: remove random","metadata":{"timestamp":"2022-06-30T13:09:35.283Z"}}
{"level":"notice","message":"next action: create random","metadata":{"timestamp":"2022-06-30T13:09:36.744Z"}}
{"level":"notice","message":"next action: modify random","metadata":{"timestamp":"2022-06-30T13:09:38.398Z"}}
{"level":"notice","message":"next action: modify random","metadata":{"timestamp":"2022-06-30T13:09:41.096Z"}}
{"level":"notice","message":"next action: create random","metadata":{"timestamp":"2022-06-30T13:09:41.853Z"}}
{"level":"notice","message":"next action: remove random","metadata":{"timestamp":"2022-06-30T13:09:44.071Z"}}
{"level":"notice","message":"next action: remove random","metadata":{"timestamp":"2022-06-30T13:09:46.453Z"}}
{"level":"notice","message":"next action: create random","metadata":{"timestamp":"2022-06-30T13:09:48.056Z"}}
{"level":"notice","message":"next action: modify random","metadata":{"timestamp":"2022-06-30T13:09:50.986Z"}}
{"level":"notice","message":"next action: modify random","metadata":{"timestamp":"2022-06-30T13:09:52.906Z"}}
{"level":"notice","message":"next action: modify random","metadata":{"timestamp":"2022-06-30T13:09:54.791Z"}}
{"level":"notice","message":"next action: remove random","metadata":{"timestamp":"2022-06-30T13:09:55.660Z"}}
{"level":"notice","message":"next action: create random","metadata":{"timestamp":"2022-06-30T13:09:56.683Z"}}
{"level":"notice","message":"next action: remove random","metadata":{"timestamp":"2022-06-30T13:10:01.263Z"}}
{"level":"notice","message":"next action: create random","metadata":{"timestamp":"2022-06-30T13:10:04.702Z"}}
{"level":"notice","message":"next action: remove random","metadata":{"timestamp":"2022-06-30T13:10:09.629Z"}}
{"level":"notice","message":"next action: create random","metadata":{"timestamp":"2022-06-30T13:11:03.270Z"}}
{"level":"notice","message":"next action: create random","metadata":{"timestamp":"2022-06-30T13:11:05.074Z"}}
{"level":"notice","message":"next action: modify random","metadata":{"timestamp":"2022-06-30T13:11:08.122Z"}}
{"level":"notice","message":"next action: create random","metadata":{"timestamp":"2022-06-30T13:11:10.269Z"}}
{"level":"notice","message":"next action: modify random","metadata":{"timestamp":"2022-06-30T13:11:12.101Z"}}
{"level":"notice","message":"next action: modify random","metadata":{"timestamp":"2022-06-30T13:11:13.436Z"}}
{"level":"notice","message":"next action: create random","metadata":{"timestamp":"2022-06-30T13:11:15.283Z"}}
{"level":"notice","message":"next action: create random","metadata":{"timestamp":"2022-06-30T13:11:18.251Z"}}
{"level":"notice","message":"next action: remove random","metadata":{"timestamp":"2022-06-30T13:11:20.461Z"}}
{"level":"notice","message":"next action: modify random","metadata":{"timestamp":"2022-06-30T13:11:21.754Z"}}
{"level":"notice","message":"next action: modify random","metadata":{"timestamp":"2022-06-30T13:11:22.383Z"}}
{"level":"notice","message":"next action: create random","metadata":{"timestamp":"2022-06-30T13:11:22.542Z"}}
{"level":"notice","message":"next action: modify random","metadata":{"timestamp":"2022-06-30T13:11:23.653Z"}}
{"level":"notice","message":"next action: remove random","metadata":{"timestamp":"2022-06-30T13:11:24.905Z"}}
{"level":"notice","message":"next action: remove random","metadata":{"timestamp":"2022-06-30T13:11:27.150Z"}}
{"level":"notice","message":"next action: modify random","metadata":{"timestamp":"2022-06-30T13:11:31.910Z"}}
{"level":"notice","message":"next action: remove random","metadata":{"timestamp":"2022-06-30T13:11:33.411Z"}}
{"level":"notice","message":"next action: modify random","metadata":{"timestamp":"2022-06-30T13:11:35.167Z"}}
{"level":"notice","message":"next action: modify random","metadata":{"timestamp":"2022-06-30T13:11:39.136Z"}}
{"level":"notice","message":"next action: modify random","metadata":{"timestamp":"2022-06-30T13:11:40.214Z"}}
{"level":"notice","message":"next action: modify random","metadata":{"timestamp":"2022-06-30T13:11:42.901Z"}}
{"level":"notice","message":"next action: remove random","metadata":{"timestamp":"2022-06-30T13:11:44.554Z"}}
{"level":"notice","message":"next action: create random","metadata":{"timestamp":"2022-06-30T13:11:46.201Z"}}
{"level":"notice","message":"next action: create random","metadata":{"timestamp":"2022-06-30T13:11:49.906Z"}}
{"level":"notice","message":"next action: create random","metadata":{"timestamp":"2022-06-30T13:11:51.843Z"}}
{"level":"notice","message":"next action: remove random","metadata":{"timestamp":"2022-06-30T13:11:53.032Z"}}
{"level":"notice","message":"next action: create random","metadata":{"timestamp":"2022-06-30T13:12:47.559Z"}}
{"level":"notice","message":"next action: modify random","metadata":{"timestamp":"2022-06-30T13:12:50.927Z"}}
{"level":"notice","message":"next action: remove random","metadata":{"timestamp":"2022-06-30T13:12:52.996Z"}}
{"level":"notice","message":"next action: create random","metadata":{"timestamp":"2022-06-30T13:12:55.486Z"}}
{"level":"notice","message":"next action: remove random","metadata":{"timestamp":"2022-06-30T13:12:57.677Z"}}
{"level":"notice","message":"next action: create random","metadata":{"timestamp":"2022-06-30T13:13:00.842Z"}}
{"level":"notice","message":"next action: remove random","metadata":{"timestamp":"2022-06-30T13:13:04.078Z"}}
{"level":"notice","message":"next action: create random","metadata":{"timestamp":"2022-06-30T13:13:07.540Z"}}
{"level":"notice","message":"next action: modify random","metadata":{"timestamp":"2022-06-30T13:13:11.700Z"}}
{"level":"notice","message":"next action: modify random","metadata":{"timestamp":"2022-06-30T13:13:13.829Z"}}
{"level":"notice","message":"next action: remove random","metadata":{"timestamp":"2022-06-30T13:13:16.435Z"}}
{"level":"notice","message":"next action: create random","metadata":{"timestamp":"2022-06-30T13:13:18.163Z"}}
{"level":"notice","message":"next action: create random","metadata":{"timestamp":"2022-06-30T13:13:19.687Z"}}
{"level":"notice","message":"next action: create random","metadata":{"timestamp":"2022-06-30T13:13:22.106Z"}}
{"level":"notice","message":"next action: remove random","metadata":{"timestamp":"2022-06-30T13:13:26.076Z"}}
{"level":"notice","message":"next action: remove random","metadata":{"timestamp":"2022-06-30T13:13:28.066Z"}}
{"level":"notice","message":"next action: create random","metadata":{"timestamp":"2022-06-30T13:13:36.795Z"}}
{"level":"info","message":"add","metadata":{"timestamp":"2022-06-30T13:13:39.568Z"}}
{"level":"notice","message":"next action: remove random","metadata":{"timestamp":"2022-06-30T13:13:39.569Z"}}
{"level":"notice","message":"next action: create random","metadata":{"timestamp":"2022-06-30T13:13:42.398Z"}}
{"level":"info","message":"add","metadata":{"timestamp":"2022-06-30T13:13:45.936Z"}}
{"level":"notice","message":"next action: remove random","metadata":{"timestamp":"2022-06-30T13:13:45.937Z"}}
{"level":"notice","message":"next action: create random","metadata":{"timestamp":"2022-06-30T13:13:47.052Z"}}
{"level":"info","message":"add","metadata":{"timestamp":"2022-06-30T13:13:48.392Z"}}
{"level":"notice","message":"next action: modify random","metadata":{"timestamp":"2022-06-30T13:13:48.392Z"}}
{"level":"notice","message":"next action: remove random","metadata":{"timestamp":"2022-06-30T13:13:50.129Z"}}
{"level":"notice","message":"next action: create random","metadata":{"timestamp":"2022-06-30T13:13:50.888Z"}}
{"level":"info","message":"add","metadata":{"timestamp":"2022-06-30T13:13:54.439Z"}}
{"level":"notice","message":"next action: modify random","metadata":{"timestamp":"2022-06-30T13:13:54.439Z"}}
{"level":"notice","message":"next action: create random","metadata":{"timestamp":"2022-06-30T13:13:55.724Z"}}
{"level":"info","message":"add","metadata":{"timestamp":"2022-06-30T13:13:57.120Z"}}
{"level":"notice","message":"next action: remove random","metadata":{"timestamp":"2022-06-30T13:13:57.121Z"}}
{"level":"notice","message":"next action: modify random","metadata":{"timestamp":"2022-06-30T13:13:59.356Z"}}
{"level":"notice","message":"next action: modify random","metadata":{"timestamp":"2022-06-30T13:14:03.358Z"}}
{"level":"notice","message":"next action: remove random","metadata":{"timestamp":"2022-06-30T13:14:05.397Z"}}
{"level":"notice","message":"next action: create random","metadata":{"timestamp":"2022-06-30T13:14:06.332Z"}}
{"level":"info","message":"add","metadata":{"timestamp":"2022-06-30T13:14:08.189Z"}}
{"level":"notice","message":"next action: create random","metadata":{"timestamp":"2022-06-30T13:14:08.189Z"}}
{"level":"info","message":"add","metadata":{"timestamp":"2022-06-30T13:14:10.390Z"}}
{"level":"notice","message":"next action: remove random","metadata":{"timestamp":"2022-06-30T13:14:10.390Z"}}
{"level":"notice","message":"next action: create random","metadata":{"timestamp":"2022-06-30T13:14:11.609Z"}}
{"level":"info","message":"add","metadata":{"timestamp":"2022-06-30T13:14:12.961Z"}}
{"level":"notice","message":"next action: modify random","metadata":{"timestamp":"2022-06-30T13:14:12.961Z"}}
{"level":"notice","message":"next action: modify random","metadata":{"timestamp":"2022-06-30T13:14:14.592Z"}}
{"level":"notice","message":"next action: create random","metadata":{"timestamp":"2022-06-30T13:14:16.841Z"}}
{"level":"info","message":"add","metadata":{"timestamp":"2022-06-30T13:14:19.602Z"}}
{"level":"notice","message":"next action: create random","metadata":{"timestamp":"2022-06-30T13:14:19.602Z"}}
{"level":"info","message":"add","metadata":{"timestamp":"2022-06-30T13:14:22.524Z"}}
{"level":"notice","message":"next action: modify random","metadata":{"timestamp":"2022-06-30T13:14:22.524Z"}}
{"level":"notice","message":"next action: modify random","metadata":{"timestamp":"2022-06-30T13:14:24.347Z"}}
{"level":"notice","message":"next action: modify random","metadata":{"timestamp":"2022-06-30T13:14:24.762Z"}}
{"level":"notice","message":"next action: create random","metadata":{"timestamp":"2022-06-30T13:14:25.005Z"}}
{"level":"info","message":"add","metadata":{"timestamp":"2022-06-30T13:14:25.739Z"}}
{"level":"notice","message":"next action: modify random","metadata":{"timestamp":"2022-06-30T13:14:25.739Z"}}
{"level":"notice","message":"next action: modify random","metadata":{"timestamp":"2022-06-30T13:14:26.683Z"}}
{"level":"notice","message":"next action: modify random","metadata":{"timestamp":"2022-06-30T13:14:27.106Z"}}
{"level":"notice","message":"next action: modify random","metadata":{"timestamp":"2022-06-30T13:14:27.308Z"}}
{"level":"notice","message":"next action: modify random","metadata":{"timestamp":"2022-06-30T13:14:27.789Z"}}
{"level":"notice","message":"next action: create random","metadata":{"timestamp":"2022-06-30T13:14:28.725Z"}}
{"level":"info","message":"add","metadata":{"timestamp":"2022-06-30T13:14:31.539Z"}}
{"level":"notice","message":"next action: modify random","metadata":{"timestamp":"2022-06-30T13:14:31.539Z"}}
{"level":"notice","message":"next action: create random","metadata":{"timestamp":"2022-06-30T13:14:34.592Z"}}
{"level":"notice","message":"next action: create random","metadata":{"timestamp":"2022-06-30T13:14:51.079Z"}}
{"level":"info","message":"add","metadata":{"timestamp":"2022-06-30T13:14:52.538Z"}}
{"level":"notice","message":"next action: remove random","metadata":{"timestamp":"2022-06-30T13:14:52.539Z"}}
{"level":"notice","message":"next action: create random","metadata":{"timestamp":"2022-06-30T13:19:17.939Z"}}
{"level":"notice","message":"next action: modify random","metadata":{"timestamp":"2022-06-30T13:19:19.373Z"}}
{"level":"notice","message":"next action: create random","metadata":{"timestamp":"2022-06-30T13:19:52.947Z"}}
{"level":"notice","message":"next action: create random","metadata":{"timestamp":"2022-06-30T13:20:16.803Z"}}
{"level":"alert","message":false,"metadata":{"timestamp":"2022-06-30T13:20:19.795Z"}}
{"level":"notice","message":"next action: modify random","metadata":{"timestamp":"2022-06-30T13:20:19.795Z"}}
{"level":"notice","message":"next action: modify random","metadata":{"timestamp":"2022-06-30T13:20:21.143Z"}}
{"level":"notice","message":"next action: modify random","metadata":{"timestamp":"2022-06-30T13:20:23.137Z"}}
{"level":"notice","message":"next action: modify random","metadata":{"timestamp":"2022-06-30T13:20:23.899Z"}}
{"level":"notice","message":"next action: remove random","metadata":{"timestamp":"2022-06-30T13:20:23.932Z"}}
{"level":"notice","message":"next action: create random","metadata":{"timestamp":"2022-06-30T13:20:25.743Z"}}
{"level":"alert","message":false,"metadata":{"timestamp":"2022-06-30T13:20:30.214Z"}}
{"level":"notice","message":"next action: modify random","metadata":{"timestamp":"2022-06-30T13:20:30.215Z"}}
{"level":"notice","message":"next action: modify random","metadata":{"timestamp":"2022-06-30T13:20:32.990Z"}}
{"level":"notice","message":"next action: modify random","metadata":{"timestamp":"2022-06-30T13:20:34.631Z"}}
{"level":"notice","message":"next action: modify random","metadata":{"timestamp":"2022-06-30T13:20:37.056Z"}}
{"level":"notice","message":"next action: remove random","metadata":{"timestamp":"2022-06-30T13:20:39.673Z"}}
{"level":"notice","message":"next action: create random","metadata":{"timestamp":"2022-06-30T13:20:40.701Z"}}
{"level":"alert","message":false,"metadata":{"timestamp":"2022-06-30T13:20:43.597Z"}}
{"level":"notice","message":"next action: create random","metadata":{"timestamp":"2022-06-30T13:20:43.597Z"}}
{"level":"alert","message":false,"metadata":{"timestamp":"2022-06-30T13:20:45.077Z"}}
{"level":"notice","message":"next action: modify random","metadata":{"timestamp":"2022-06-30T13:20:45.077Z"}}
{"level":"notice","message":"next action: modify random","metadata":{"timestamp":"2022-06-30T13:20:45.775Z"}}
{"level":"notice","message":"next action: remove random","metadata":{"timestamp":"2022-06-30T13:20:46.500Z"}}
{"level":"notice","message":"next action: modify random","metadata":{"timestamp":"2022-06-30T13:20:47.474Z"}}
{"level":"notice","message":"next action: create random","metadata":{"timestamp":"2022-06-30T13:20:56.255Z"}}
{"level":"alert","message":false,"metadata":{"timestamp":"2022-06-30T13:20:59.211Z"}}
{"level":"notice","message":"next action: create random","metadata":{"timestamp":"2022-06-30T13:20:59.211Z"}}
{"level":"notice","message":"next action: create random","metadata":{"timestamp":"2022-06-30T13:23:15.230Z"}}
{"level":"alert","message":true,"metadata":{"timestamp":"2022-06-30T13:23:17.561Z"}}
{"level":"notice","message":"next action: create random","metadata":{"timestamp":"2022-06-30T13:23:17.562Z"}}
{"level":"alert","message":true,"metadata":{"timestamp":"2022-06-30T13:23:20.816Z"}}
{"level":"notice","message":"next action: modify random","metadata":{"timestamp":"2022-06-30T13:23:20.817Z"}}
{"level":"notice","message":"next action: modify random","metadata":{"timestamp":"2022-06-30T13:23:21.551Z"}}
{"level":"notice","message":"next action: modify random","metadata":{"timestamp":"2022-06-30T13:23:21.823Z"}}
{"level":"notice","message":"next action: modify random","metadata":{"timestamp":"2022-06-30T13:23:22.398Z"}}
{"level":"notice","message":"next action: create random","metadata":{"timestamp":"2022-06-30T13:23:24.130Z"}}
{"level":"alert","message":true,"metadata":{"timestamp":"2022-06-30T13:23:25.955Z"}}
{"level":"notice","message":"next action: modify random","metadata":{"timestamp":"2022-06-30T13:23:25.955Z"}}
{"level":"notice","message":"next action: modify random","metadata":{"timestamp":"2022-06-30T13:23:27.050Z"}}
{"level":"notice","message":"next action: remove random","metadata":{"timestamp":"2022-06-30T13:23:28.572Z"}}
{"level":"notice","message":"next action: remove random","metadata":{"timestamp":"2022-06-30T13:23:29.663Z"}}
{"level":"notice","message":"next action: remove random","metadata":{"timestamp":"2022-06-30T13:23:32.746Z"}}
{"level":"notice","message":"next action: create random","metadata":{"timestamp":"2022-06-30T13:23:36.180Z"}}
{"level":"alert","message":true,"metadata":{"timestamp":"2022-06-30T13:23:40.541Z"}}
{"level":"notice","message":"next action: remove random","metadata":{"timestamp":"2022-06-30T13:23:40.542Z"}}
{"level":"notice","message":"next action: create random","metadata":{"timestamp":"2022-06-30T13:23:44.649Z"}}
{"level":"alert","message":true,"metadata":{"timestamp":"2022-06-30T13:23:47.257Z"}}
{"level":"notice","message":"next action: remove random","metadata":{"timestamp":"2022-06-30T13:23:47.258Z"}}
{"level":"notice","message":"next action: create random","metadata":{"timestamp":"2022-06-30T13:23:50.289Z"}}
{"level":"alert","message":true,"metadata":{"timestamp":"2022-06-30T13:23:55.224Z"}}
{"level":"notice","message":"next action: modify random","metadata":{"timestamp":"2022-06-30T13:23:55.224Z"}}
{"level":"notice","message":"next action: create random","metadata":{"timestamp":"2022-06-30T13:23:56.796Z"}}
{"level":"alert","message":true,"metadata":{"timestamp":"2022-06-30T13:23:59.717Z"}}
{"level":"notice","message":"next action: remove random","metadata":{"timestamp":"2022-06-30T13:23:59.718Z"}}
{"level":"notice","message":"next action: remove random","metadata":{"timestamp":"2022-06-30T13:24:01.048Z"}}
{"level":"notice","message":"next action: create random","metadata":{"timestamp":"2022-06-30T13:24:04.144Z"}}
{"level":"alert","message":true,"metadata":{"timestamp":"2022-06-30T13:24:05.743Z"}}
{"level":"notice","message":"next action: modify random","metadata":{"timestamp":"2022-06-30T13:24:05.743Z"}}
{"level":"notice","message":"next action: create random","metadata":{"timestamp":"2022-06-30T13:24:08.038Z"}}
{"level":"alert","message":true,"metadata":{"timestamp":"2022-06-30T13:24:09.225Z"}}
{"level":"notice","message":"next action: create random","metadata":{"timestamp":"2022-06-30T13:24:09.225Z"}}
{"level":"alert","message":true,"metadata":{"timestamp":"2022-06-30T13:24:11.645Z"}}
{"level":"notice","message":"next action: modify random","metadata":{"timestamp":"2022-06-30T13:24:11.646Z"}}
{"level":"notice","message":"next action: modify random","metadata":{"timestamp":"2022-06-30T13:24:12.135Z"}}
{"level":"notice","message":"next action: remove random","metadata":{"timestamp":"2022-06-30T13:24:13.427Z"}}
{"level":"notice","message":"next action: modify random","metadata":{"timestamp":"2022-06-30T13:24:15.370Z"}}
{"level":"notice","message":"next action: modify random","metadata":{"timestamp":"2022-06-30T13:24:15.705Z"}}
{"level":"notice","message":"next action: remove random","metadata":{"timestamp":"2022-06-30T13:24:16.022Z"}}
{"level":"notice","message":"next action: create random","metadata":{"timestamp":"2022-06-30T13:24:17.942Z"}}
{"level":"alert","message":true,"metadata":{"timestamp":"2022-06-30T13:24:18.932Z"}}
{"level":"notice","message":"next action: create random","metadata":{"timestamp":"2022-06-30T13:24:18.933Z"}}
{"level":"alert","message":true,"metadata":{"timestamp":"2022-06-30T13:24:20.405Z"}}
{"level":"notice","message":"next action: remove random","metadata":{"timestamp":"2022-06-30T13:24:20.405Z"}}
{"level":"notice","message":"next action: create random","metadata":{"timestamp":"2022-06-30T13:24:23.005Z"}}
{"level":"alert","message":true,"metadata":{"timestamp":"2022-06-30T13:24:25.438Z"}}
{"level":"notice","message":"next action: modify random","metadata":{"timestamp":"2022-06-30T13:24:25.439Z"}}
{"level":"notice","message":"next action: create random","metadata":{"timestamp":"2022-06-30T13:24:25.682Z"}}
{"level":"alert","message":true,"metadata":{"timestamp":"2022-06-30T13:24:27.179Z"}}
{"level":"notice","message":"next action: modify random","metadata":{"timestamp":"2022-06-30T13:24:27.179Z"}}
{"level":"notice","message":"next action: create random","metadata":{"timestamp":"2022-06-30T13:24:27.912Z"}}
{"level":"alert","message":true,"metadata":{"timestamp":"2022-06-30T13:24:29.079Z"}}
{"level":"notice","message":"next action: create random","metadata":{"timestamp":"2022-06-30T13:24:29.079Z"}}
{"level":"alert","message":true,"metadata":{"timestamp":"2022-06-30T13:24:31.277Z"}}
{"level":"notice","message":"next action: modify random","metadata":{"timestamp":"2022-06-30T13:24:31.277Z"}}
{"level":"notice","message":"next action: modify random","metadata":{"timestamp":"2022-06-30T13:24:33.297Z"}}
{"level":"notice","message":"next action: modify random","metadata":{"timestamp":"2022-06-30T13:24:33.381Z"}}
{"level":"notice","message":"next action: create random","metadata":{"timestamp":"2022-06-30T13:24:34.592Z"}}
{"level":"alert","message":true,"metadata":{"timestamp":"2022-06-30T13:24:36.340Z"}}
{"level":"notice","message":"next action: remove random","metadata":{"timestamp":"2022-06-30T13:24:36.340Z"}}
{"level":"notice","message":"next action: create random","metadata":{"timestamp":"2022-06-30T13:24:37.451Z"}}
{"level":"alert","message":true,"metadata":{"timestamp":"2022-06-30T13:24:42.174Z"}}
{"level":"notice","message":"next action: create random","metadata":{"timestamp":"2022-06-30T13:24:42.174Z"}}
{"level":"alert","message":true,"metadata":{"timestamp":"2022-06-30T13:24:46.014Z"}}
{"level":"notice","message":"next action: remove random","metadata":{"timestamp":"2022-06-30T13:24:46.014Z"}}
{"level":"notice","message":"next action: remove random","metadata":{"timestamp":"2022-06-30T13:24:49.216Z"}}
{"level":"notice","message":"next action: create random","metadata":{"timestamp":"2022-06-30T13:24:53.532Z"}}
{"level":"alert","message":true,"metadata":{"timestamp":"2022-06-30T13:24:54.981Z"}}
{"level":"notice","message":"next action: modify random","metadata":{"timestamp":"2022-06-30T13:24:54.981Z"}}
{"level":"notice","message":"next action: modify random","metadata":{"timestamp":"2022-06-30T13:24:56.758Z"}}
{"level":"notice","message":"next action: create random","metadata":{"timestamp":"2022-06-30T13:24:56.890Z"}}
{"level":"alert","message":true,"metadata":{"timestamp":"2022-06-30T13:24:58.409Z"}}
{"level":"notice","message":"next action: modify random","metadata":{"timestamp":"2022-06-30T13:24:58.410Z"}}
{"level":"notice","message":"next action: modify random","metadata":{"timestamp":"2022-06-30T13:24:58.944Z"}}
{"level":"notice","message":"next action: create random","metadata":{"timestamp":"2022-06-30T13:25:00.313Z"}}
{"level":"alert","message":true,"metadata":{"timestamp":"2022-06-30T13:25:02.874Z"}}
{"level":"notice","message":"next action: remove random","metadata":{"timestamp":"2022-06-30T13:25:02.874Z"}}
{"level":"notice","message":"next action: remove random","metadata":{"timestamp":"2022-06-30T13:25:03.864Z"}}
{"level":"notice","message":"next action: modify random","metadata":{"timestamp":"2022-06-30T13:25:07.614Z"}}
{"level":"notice","message":"next action: modify random","metadata":{"timestamp":"2022-06-30T13:25:11.047Z"}}
{"level":"notice","message":"next action: create random","metadata":{"timestamp":"2022-06-30T13:25:12.250Z"}}
{"level":"alert","message":true,"metadata":{"timestamp":"2022-06-30T13:25:15.087Z"}}
{"level":"notice","message":"next action: remove random","metadata":{"timestamp":"2022-06-30T13:25:15.087Z"}}
{"level":"notice","message":"next action: modify random","metadata":{"timestamp":"2022-06-30T13:25:17.674Z"}}
{"level":"notice","message":"next action: modify random","metadata":{"timestamp":"2022-06-30T13:25:19.691Z"}}
{"level":"notice","message":"next action: modify random","metadata":{"timestamp":"2022-06-30T13:25:20.597Z"}}
{"level":"notice","message":"next action: modify random","metadata":{"timestamp":"2022-06-30T13:25:21.821Z"}}
{"level":"notice","message":"next action: create random","metadata":{"timestamp":"2022-06-30T13:25:23.126Z"}}
{"level":"alert","message":true,"metadata":{"timestamp":"2022-06-30T13:25:24.533Z"}}
{"level":"notice","message":"next action: modify random","metadata":{"timestamp":"2022-06-30T13:25:24.534Z"}}
{"level":"notice","message":"next action: modify random","metadata":{"timestamp":"2022-06-30T13:25:25.077Z"}}
{"level":"notice","message":"next action: remove random","metadata":{"timestamp":"2022-06-30T13:25:25.156Z"}}
{"level":"notice","message":"next action: modify random","metadata":{"timestamp":"2022-06-30T13:25:25.812Z"}}
{"level":"notice","message":"next action: modify random","metadata":{"timestamp":"2022-06-30T13:25:29.843Z"}}
{"level":"notice","message":"next action: modify random","metadata":{"timestamp":"2022-06-30T13:25:30.333Z"}}
{"level":"notice","message":"next action: create random","metadata":{"timestamp":"2022-06-30T13:25:30.574Z"}}
{"level":"alert","message":true,"metadata":{"timestamp":"2022-06-30T13:25:30.936Z"}}
{"level":"notice","message":"next action: modify random","metadata":{"timestamp":"2022-06-30T13:25:30.936Z"}}
{"level":"notice","message":"next action: modify random","metadata":{"timestamp":"2022-06-30T13:25:32.562Z"}}
{"level":"notice","message":"next action: modify random","metadata":{"timestamp":"2022-06-30T13:25:32.778Z"}}
{"level":"notice","message":"next action: create random","metadata":{"timestamp":"2022-06-30T13:25:34.403Z"}}
{"level":"alert","message":true,"metadata":{"timestamp":"2022-06-30T13:25:35.228Z"}}
{"level":"notice","message":"next action: modify random","metadata":{"timestamp":"2022-06-30T13:25:35.228Z"}}
{"level":"notice","message":"next action: modify random","metadata":{"timestamp":"2022-06-30T13:25:35.976Z"}}
{"level":"notice","message":"next action: modify random","metadata":{"timestamp":"2022-06-30T13:25:36.751Z"}}
{"level":"notice","message":"next action: modify random","metadata":{"timestamp":"2022-06-30T13:25:38.601Z"}}
{"level":"notice","message":"next action: create random","metadata":{"timestamp":"2022-06-30T13:25:38.708Z"}}
{"level":"alert","message":true,"metadata":{"timestamp":"2022-06-30T13:25:39.882Z"}}
{"level":"notice","message":"next action: modify random","metadata":{"timestamp":"2022-06-30T13:25:39.882Z"}}
{"level":"notice","message":"next action: modify random","metadata":{"timestamp":"2022-06-30T13:25:42.191Z"}}
{"level":"notice","message":"next action: create random","metadata":{"timestamp":"2022-06-30T13:25:42.819Z"}}
{"level":"alert","message":true,"metadata":{"timestamp":"2022-06-30T13:25:44.453Z"}}
{"level":"notice","message":"next action: modify random","metadata":{"timestamp":"2022-06-30T13:25:44.453Z"}}
{"level":"notice","message":"next action: remove random","metadata":{"timestamp":"2022-06-30T13:25:46.566Z"}}
{"level":"notice","message":"next action: modify random","metadata":{"timestamp":"2022-06-30T13:25:47.299Z"}}
{"level":"notice","message":"next action: remove random","metadata":{"timestamp":"2022-06-30T13:25:48.782Z"}}
{"level":"notice","message":"next action: modify random","metadata":{"timestamp":"2022-06-30T13:25:50.770Z"}}
{"level":"notice","message":"next action: modify random","metadata":{"timestamp":"2022-06-30T13:25:54.550Z"}}
{"level":"notice","message":"next action: modify random","metadata":{"timestamp":"2022-06-30T13:25:55.279Z"}}
{"level":"notice","message":"next action: create random","metadata":{"timestamp":"2022-06-30T13:25:57.287Z"}}
{"level":"alert","message":true,"metadata":{"timestamp":"2022-06-30T13:25:59.568Z"}}
{"level":"notice","message":"next action: modify random","metadata":{"timestamp":"2022-06-30T13:25:59.568Z"}}
{"level":"notice","message":"next action: create random","metadata":{"timestamp":"2022-06-30T13:26:01.113Z"}}
{"level":"alert","message":true,"metadata":{"timestamp":"2022-06-30T13:26:01.727Z"}}
{"level":"notice","message":"next action: remove random","metadata":{"timestamp":"2022-06-30T13:26:01.727Z"}}
{"level":"notice","message":"next action: modify random","metadata":{"timestamp":"2022-06-30T13:26:05.900Z"}}
{"level":"notice","message":"next action: modify random","metadata":{"timestamp":"2022-06-30T13:26:07.230Z"}}
{"level":"notice","message":"next action: create random","metadata":{"timestamp":"2022-06-30T13:26:09.763Z"}}
{"level":"alert","message":true,"metadata":{"timestamp":"2022-06-30T13:26:11.550Z"}}
{"level":"notice","message":"next action: modify random","metadata":{"timestamp":"2022-06-30T13:26:11.550Z"}}
{"level":"notice","message":"next action: create random","metadata":{"timestamp":"2022-06-30T13:26:14.236Z"}}
{"level":"alert","message":true,"metadata":{"timestamp":"2022-06-30T13:26:14.963Z"}}
{"level":"notice","message":"next action: modify random","metadata":{"timestamp":"2022-06-30T13:26:14.963Z"}}
{"level":"notice","message":"next action: modify random","metadata":{"timestamp":"2022-06-30T13:26:16.427Z"}}
{"level":"notice","message":"next action: remove random","metadata":{"timestamp":"2022-06-30T13:26:17.224Z"}}
{"level":"notice","message":"next action: modify random","metadata":{"timestamp":"2022-06-30T13:26:18.311Z"}}
{"level":"notice","message":"next action: remove random","metadata":{"timestamp":"2022-06-30T13:26:22.291Z"}}
{"level":"notice","message":"next action: modify random","metadata":{"timestamp":"2022-06-30T13:26:24.231Z"}}
{"level":"notice","message":"next action: modify random","metadata":{"timestamp":"2022-06-30T13:26:27.111Z"}}
{"level":"notice","message":"next action: remove random","metadata":{"timestamp":"2022-06-30T13:26:28.837Z"}}
{"level":"notice","message":"next action: create random","metadata":{"timestamp":"2022-06-30T13:26:30.874Z"}}
{"level":"alert","message":true,"metadata":{"timestamp":"2022-06-30T13:26:34.749Z"}}
{"level":"notice","message":"next action: modify random","metadata":{"timestamp":"2022-06-30T13:26:34.749Z"}}
{"level":"notice","message":"next action: create random","metadata":{"timestamp":"2022-06-30T13:26:34.815Z"}}
{"level":"alert","message":true,"metadata":{"timestamp":"2022-06-30T13:26:36.738Z"}}
{"level":"notice","message":"next action: modify random","metadata":{"timestamp":"2022-06-30T13:26:36.738Z"}}
{"level":"notice","message":"next action: modify random","metadata":{"timestamp":"2022-06-30T13:26:37.384Z"}}
{"level":"notice","message":"next action: modify random","metadata":{"timestamp":"2022-06-30T13:26:38.902Z"}}
{"level":"notice","message":"next action: modify random","metadata":{"timestamp":"2022-06-30T13:26:39.719Z"}}
{"level":"notice","message":"next action: modify random","metadata":{"timestamp":"2022-06-30T13:26:40.697Z"}}
{"level":"notice","message":"next action: modify random","metadata":{"timestamp":"2022-06-30T13:26:42.208Z"}}
{"level":"notice","message":"next action: modify random","metadata":{"timestamp":"2022-06-30T13:26:42.904Z"}}
{"level":"notice","message":"next action: create random","metadata":{"timestamp":"2022-06-30T13:26:44.357Z"}}
{"level":"alert","message":true,"metadata":{"timestamp":"2022-06-30T13:26:44.990Z"}}
{"level":"notice","message":"next action: create random","metadata":{"timestamp":"2022-06-30T13:26:44.990Z"}}
{"level":"alert","message":true,"metadata":{"timestamp":"2022-06-30T13:26:46.100Z"}}
{"level":"notice","message":"next action: remove random","metadata":{"timestamp":"2022-06-30T13:26:46.100Z"}}
{"level":"notice","message":"next action: create random","metadata":{"timestamp":"2022-06-30T13:26:47.264Z"}}
{"level":"alert","message":true,"metadata":{"timestamp":"2022-06-30T13:26:51.457Z"}}
{"level":"notice","message":"next action: remove random","metadata":{"timestamp":"2022-06-30T13:26:51.458Z"}}
{"level":"notice","message":"next action: remove random","metadata":{"timestamp":"2022-06-30T13:26:53.685Z"}}
{"level":"notice","message":"next action: remove random","metadata":{"timestamp":"2022-06-30T13:26:58.760Z"}}
{"level":"notice","message":"next action: create random","metadata":{"timestamp":"2022-06-30T13:27:03.476Z"}}
{"level":"alert","message":true,"metadata":{"timestamp":"2022-06-30T13:27:04.513Z"}}
{"level":"notice","message":"next action: modify random","metadata":{"timestamp":"2022-06-30T13:27:04.514Z"}}
{"level":"notice","message":"next action: modify random","metadata":{"timestamp":"2022-06-30T13:27:07.208Z"}}
{"level":"notice","message":"next action: create random","metadata":{"timestamp":"2022-06-30T13:27:08.530Z"}}
{"level":"alert","message":true,"metadata":{"timestamp":"2022-06-30T13:27:11.458Z"}}
{"level":"notice","message":"next action: modify random","metadata":{"timestamp":"2022-06-30T13:27:11.458Z"}}
{"level":"notice","message":"next action: remove random","metadata":{"timestamp":"2022-06-30T13:27:13.778Z"}}
{"level":"notice","message":"next action: create random","metadata":{"timestamp":"2022-06-30T13:27:16.050Z"}}
{"level":"alert","message":true,"metadata":{"timestamp":"2022-06-30T13:27:19.687Z"}}
{"level":"notice","message":"next action: remove random","metadata":{"timestamp":"2022-06-30T13:27:19.687Z"}}
{"level":"notice","message":"next action: modify random","metadata":{"timestamp":"2022-06-30T13:27:22.735Z"}}
{"level":"notice","message":"next action: create random","metadata":{"timestamp":"2022-06-30T13:27:25.369Z"}}
{"level":"alert","message":true,"metadata":{"timestamp":"2022-06-30T13:27:25.934Z"}}
{"level":"notice","message":"next action: modify random","metadata":{"timestamp":"2022-06-30T13:27:25.934Z"}}
{"level":"notice","message":"next action: modify random","metadata":{"timestamp":"2022-06-30T13:27:27.412Z"}}
{"level":"notice","message":"next action: create random","metadata":{"timestamp":"2022-06-30T13:27:29.859Z"}}
{"level":"alert","message":true,"metadata":{"timestamp":"2022-06-30T13:27:30.729Z"}}
{"level":"notice","message":"next action: remove random","metadata":{"timestamp":"2022-06-30T13:27:30.730Z"}}
{"level":"notice","message":"next action: modify random","metadata":{"timestamp":"2022-06-30T13:27:31.816Z"}}
{"level":"notice","message":"next action: modify random","metadata":{"timestamp":"2022-06-30T13:27:33.313Z"}}
{"level":"notice","message":"next action: modify random","metadata":{"timestamp":"2022-06-30T13:27:33.536Z"}}
{"level":"notice","message":"next action: remove random","metadata":{"timestamp":"2022-06-30T13:27:34.870Z"}}
{"level":"notice","message":"next action: create random","metadata":{"timestamp":"2022-06-30T13:27:37.219Z"}}
{"level":"alert","message":true,"metadata":{"timestamp":"2022-06-30T13:27:42.035Z"}}
{"level":"notice","message":"next action: remove random","metadata":{"timestamp":"2022-06-30T13:27:42.036Z"}}
{"level":"notice","message":"next action: create random","metadata":{"timestamp":"2022-06-30T13:27:44.769Z"}}
{"level":"alert","message":true,"metadata":{"timestamp":"2022-06-30T13:27:47.079Z"}}
{"level":"notice","message":"next action: create random","metadata":{"timestamp":"2022-06-30T13:27:47.079Z"}}
{"level":"alert","message":true,"metadata":{"timestamp":"2022-06-30T13:27:50.167Z"}}
{"level":"notice","message":"next action: modify random","metadata":{"timestamp":"2022-06-30T13:27:50.167Z"}}
{"level":"notice","message":"next action: modify random","metadata":{"timestamp":"2022-06-30T13:27:53.117Z"}}
{"level":"notice","message":"next action: create random","metadata":{"timestamp":"2022-06-30T13:27:53.676Z"}}
{"level":"alert","message":true,"metadata":{"timestamp":"2022-06-30T13:27:54.677Z"}}
{"level":"notice","message":"next action: remove random","metadata":{"timestamp":"2022-06-30T13:27:54.677Z"}}
{"level":"notice","message":"next action: create random","metadata":{"timestamp":"2022-06-30T13:27:55.936Z"}}
{"level":"alert","message":true,"metadata":{"timestamp":"2022-06-30T13:27:59.765Z"}}
{"level":"notice","message":"next action: remove random","metadata":{"timestamp":"2022-06-30T13:27:59.766Z"}}
{"level":"notice","message":"next action: modify random","metadata":{"timestamp":"2022-06-30T13:28:01.873Z"}}
{"level":"notice","message":"next action: create random","metadata":{"timestamp":"2022-06-30T13:28:04.808Z"}}
{"level":"alert","message":true,"metadata":{"timestamp":"2022-06-30T13:28:07.663Z"}}
{"level":"notice","message":"next action: modify random","metadata":{"timestamp":"2022-06-30T13:28:07.663Z"}}
{"level":"notice","message":"next action: modify random","metadata":{"timestamp":"2022-06-30T13:28:10.080Z"}}
{"level":"notice","message":"next action: modify random","metadata":{"timestamp":"2022-06-30T13:28:10.429Z"}}
{"level":"notice","message":"next action: remove random","metadata":{"timestamp":"2022-06-30T13:28:11.578Z"}}
{"level":"notice","message":"next action: create random","metadata":{"timestamp":"2022-06-30T13:28:13.022Z"}}
{"level":"alert","message":true,"metadata":{"timestamp":"2022-06-30T13:28:15.545Z"}}
{"level":"notice","message":"next action: create random","metadata":{"timestamp":"2022-06-30T13:28:15.546Z"}}
{"level":"alert","message":true,"metadata":{"timestamp":"2022-06-30T13:28:17.931Z"}}
{"level":"notice","message":"next action: remove random","metadata":{"timestamp":"2022-06-30T13:28:17.931Z"}}
{"level":"notice","message":"next action: create random","metadata":{"timestamp":"2022-06-30T13:28:21.739Z"}}
{"level":"alert","message":true,"metadata":{"timestamp":"2022-06-30T13:28:23.037Z"}}
{"level":"notice","message":"next action: modify random","metadata":{"timestamp":"2022-06-30T13:28:23.037Z"}}
{"level":"notice","message":"next action: remove random","metadata":{"timestamp":"2022-06-30T13:28:26.263Z"}}
{"level":"notice","message":"next action: create random","metadata":{"timestamp":"2022-06-30T13:30:33.937Z"}}
{"level":"alert","message":true,"metadata":{"timestamp":"2022-06-30T13:30:35.785Z"}}
{"level":"notice","message":"next action: modify random","metadata":{"timestamp":"2022-06-30T13:30:35.786Z"}}
{"level":"notice","message":"next action: remove random","metadata":{"timestamp":"2022-06-30T13:30:35.916Z"}}
{"level":"notice","message":"next action: create random","metadata":{"timestamp":"2022-06-30T13:30:37.818Z"}}
{"level":"alert","message":true,"metadata":{"timestamp":"2022-06-30T13:30:40.396Z"}}
{"level":"notice","message":"next action: remove random","metadata":{"timestamp":"2022-06-30T13:30:40.396Z"}}
{"level":"notice","message":"next action: create random","metadata":{"timestamp":"2022-06-30T13:30:44.356Z"}}
{"level":"alert","message":true,"metadata":{"timestamp":"2022-06-30T13:30:45.429Z"}}
{"level":"notice","message":"next action: modify random","metadata":{"timestamp":"2022-06-30T13:30:45.429Z"}}
{"level":"notice","message":"next action: modify random","metadata":{"timestamp":"2022-06-30T13:30:46.216Z"}}
{"level":"notice","message":"next action: modify random","metadata":{"timestamp":"2022-06-30T13:30:47.657Z"}}
{"level":"notice","message":"next action: create random","metadata":{"timestamp":"2022-06-30T13:30:48.768Z"}}
{"level":"alert","message":true,"metadata":{"timestamp":"2022-06-30T13:30:49.358Z"}}
{"level":"notice","message":"next action: modify random","metadata":{"timestamp":"2022-06-30T13:30:49.358Z"}}
{"level":"notice","message":"next action: remove random","metadata":{"timestamp":"2022-06-30T13:30:49.935Z"}}
{"level":"notice","message":"next action: modify random","metadata":{"timestamp":"2022-06-30T13:30:52.612Z"}}
{"level":"notice","message":"next action: modify random","metadata":{"timestamp":"2022-06-30T13:30:55.786Z"}}
{"level":"notice","message":"next action: create random","metadata":{"timestamp":"2022-06-30T13:30:58.414Z"}}
{"level":"alert","message":true,"metadata":{"timestamp":"2022-06-30T13:30:59.505Z"}}
{"level":"notice","message":"next action: modify random","metadata":{"timestamp":"2022-06-30T13:30:59.505Z"}}
{"level":"notice","message":"next action: modify random","metadata":{"timestamp":"2022-06-30T13:31:01.855Z"}}
{"level":"notice","message":"next action: modify random","metadata":{"timestamp":"2022-06-30T13:31:02.160Z"}}
{"level":"notice","message":"next action: remove random","metadata":{"timestamp":"2022-06-30T13:31:04.146Z"}}
{"level":"notice","message":"next action: modify random","metadata":{"timestamp":"2022-06-30T13:31:05.633Z"}}
{"level":"notice","message":"next action: create random","metadata":{"timestamp":"2022-06-30T13:31:07.349Z"}}
{"level":"alert","message":true,"metadata":{"timestamp":"2022-06-30T13:31:09.154Z"}}
{"level":"notice","message":"next action: create random","metadata":{"timestamp":"2022-06-30T13:31:09.155Z"}}
{"level":"notice","message":"next action: modify random","metadata":{"timestamp":"2022-06-30T13:31:10.103Z"}}
{"level":"alert","message":true,"metadata":{"timestamp":"2022-06-30T13:31:11.196Z"}}
{"level":"notice","message":"next action: modify random","metadata":{"timestamp":"2022-06-30T13:31:11.196Z"}}
{"level":"notice","message":"next action: create random","metadata":{"timestamp":"2022-06-30T13:31:11.577Z"}}
{"level":"alert","message":true,"metadata":{"timestamp":"2022-06-30T13:31:12.174Z"}}
{"level":"notice","message":"next action: create random","metadata":{"timestamp":"2022-06-30T13:31:12.174Z"}}
{"level":"notice","message":"next action: modify random","metadata":{"timestamp":"2022-06-30T13:31:13.203Z"}}
{"level":"notice","message":"next action: remove random","metadata":{"timestamp":"2022-06-30T13:31:13.288Z"}}
{"level":"notice","message":"next action: create random","metadata":{"timestamp":"2022-06-30T13:31:14.705Z"}}
{"level":"alert","message":true,"metadata":{"timestamp":"2022-06-30T13:31:15.486Z"}}
{"level":"notice","message":"next action: modify random","metadata":{"timestamp":"2022-06-30T13:31:15.487Z"}}
{"level":"notice","message":"next action: modify random","metadata":{"timestamp":"2022-06-30T13:31:17.590Z"}}
{"level":"alert","message":true,"metadata":{"timestamp":"2022-06-30T13:31:18.370Z"}}
{"level":"notice","message":"next action: create random","metadata":{"timestamp":"2022-06-30T13:31:18.371Z"}}
{"level":"notice","message":"next action: create random","metadata":{"timestamp":"2022-06-30T13:31:18.946Z"}}
{"level":"alert","message":true,"metadata":{"timestamp":"2022-06-30T13:31:19.846Z"}}
{"level":"notice","message":"next action: modify random","metadata":{"timestamp":"2022-06-30T13:31:19.846Z"}}
{"level":"alert","message":true,"metadata":{"timestamp":"2022-06-30T13:31:20.689Z"}}
{"level":"notice","message":"next action: create random","metadata":{"timestamp":"2022-06-30T13:31:20.689Z"}}
{"level":"notice","message":"next action: modify random","metadata":{"timestamp":"2022-06-30T13:31:21.153Z"}}
{"level":"notice","message":"next action: create random","metadata":{"timestamp":"2022-06-30T13:31:21.209Z"}}
{"level":"alert","message":true,"metadata":{"timestamp":"2022-06-30T13:31:21.889Z"}}
{"level":"notice","message":"next action: create random","metadata":{"timestamp":"2022-06-30T13:31:21.889Z"}}
{"level":"alert","message":true,"metadata":{"timestamp":"2022-06-30T13:31:22.242Z"}}
{"level":"notice","message":"next action: modify random","metadata":{"timestamp":"2022-06-30T13:31:22.243Z"}}
{"level":"notice","message":"next action: create random","metadata":{"timestamp":"2022-06-30T13:31:23.823Z"}}
{"level":"alert","message":true,"metadata":{"timestamp":"2022-06-30T13:31:25.041Z"}}
{"level":"notice","message":"next action: modify random","metadata":{"timestamp":"2022-06-30T13:31:25.041Z"}}
{"level":"alert","message":true,"metadata":{"timestamp":"2022-06-30T13:31:25.202Z"}}
{"level":"notice","message":"next action: remove random","metadata":{"timestamp":"2022-06-30T13:31:25.203Z"}}
{"level":"notice","message":"next action: remove random","metadata":{"timestamp":"2022-06-30T13:31:26.067Z"}}
{"level":"notice","message":"next action: modify random","metadata":{"timestamp":"2022-06-30T13:31:26.343Z"}}
{"level":"notice","message":"next action: remove random","metadata":{"timestamp":"2022-06-30T13:31:27.805Z"}}
{"level":"notice","message":"next action: modify random","metadata":{"timestamp":"2022-06-30T13:31:29.075Z"}}
{"level":"notice","message":"next action: remove random","metadata":{"timestamp":"2022-06-30T13:31:30.529Z"}}
{"level":"notice","message":"next action: modify random","metadata":{"timestamp":"2022-06-30T13:31:31.782Z"}}
{"level":"notice","message":"next action: modify random","metadata":{"timestamp":"2022-06-30T13:31:32.149Z"}}
{"level":"notice","message":"next action: remove random","metadata":{"timestamp":"2022-06-30T13:31:33.213Z"}}
{"level":"notice","message":"next action: modify random","metadata":{"timestamp":"2022-06-30T13:31:34.045Z"}}
{"level":"notice","message":"next action: create random","metadata":{"timestamp":"2022-06-30T13:31:34.814Z"}}
{"level":"alert","message":true,"metadata":{"timestamp":"2022-06-30T13:31:35.642Z"}}
{"level":"notice","message":"next action: remove random","metadata":{"timestamp":"2022-06-30T13:31:35.642Z"}}
{"level":"notice","message":"next action: remove random","metadata":{"timestamp":"2022-06-30T13:31:37.004Z"}}
{"level":"notice","message":"next action: remove random","metadata":{"timestamp":"2022-06-30T13:31:38.142Z"}}
{"level":"notice","message":"next action: create random","metadata":{"timestamp":"2022-06-30T13:31:38.530Z"}}
{"level":"notice","message":"next action: remove random","metadata":{"timestamp":"2022-06-30T13:31:39.074Z"}}
{"level":"alert","message":true,"metadata":{"timestamp":"2022-06-30T13:31:39.613Z"}}
{"level":"notice","message":"next action: create random","metadata":{"timestamp":"2022-06-30T13:31:39.613Z"}}
{"level":"notice","message":"next action: remove random","metadata":{"timestamp":"2022-06-30T13:31:40.737Z"}}
{"level":"alert","message":true,"metadata":{"timestamp":"2022-06-30T13:31:42.884Z"}}
{"level":"notice","message":"next action: modify random","metadata":{"timestamp":"2022-06-30T13:31:42.885Z"}}
{"level":"notice","message":"next action: remove random","metadata":{"timestamp":"2022-06-30T13:31:43.644Z"}}
{"level":"notice","message":"next action: modify random","metadata":{"timestamp":"2022-06-30T13:31:44.666Z"}}
{"level":"notice","message":"next action: create random","metadata":{"timestamp":"2022-06-30T13:31:45.049Z"}}
{"level":"alert","message":true,"metadata":{"timestamp":"2022-06-30T13:31:46.231Z"}}
{"level":"notice","message":"next action: create random","metadata":{"timestamp":"2022-06-30T13:31:46.232Z"}}
{"level":"notice","message":"next action: modify random","metadata":{"timestamp":"2022-06-30T13:31:48.447Z"}}
{"level":"alert","message":true,"metadata":{"timestamp":"2022-06-30T13:31:48.607Z"}}
{"level":"notice","message":"next action: remove random","metadata":{"timestamp":"2022-06-30T13:31:48.608Z"}}
{"level":"notice","message":"next action: modify random","metadata":{"timestamp":"2022-06-30T13:31:49.271Z"}}
{"level":"notice","message":"next action: modify random","metadata":{"timestamp":"2022-06-30T13:31:49.875Z"}}
{"level":"notice","message":"next action: remove random","metadata":{"timestamp":"2022-06-30T13:31:50.620Z"}}
{"level":"notice","message":"next action: modify random","metadata":{"timestamp":"2022-06-30T13:31:52.587Z"}}
{"level":"notice","message":"next action: remove random","metadata":{"timestamp":"2022-06-30T13:31:53.097Z"}}
{"level":"notice","message":"next action: create random","metadata":{"timestamp":"2022-06-30T13:31:53.792Z"}}
{"level":"alert","message":true,"metadata":{"timestamp":"2022-06-30T13:31:54.275Z"}}
{"level":"notice","message":"next action: remove random","metadata":{"timestamp":"2022-06-30T13:31:54.275Z"}}
{"level":"notice","message":"next action: modify random","metadata":{"timestamp":"2022-06-30T13:31:54.677Z"}}
{"level":"notice","message":"next action: modify random","metadata":{"timestamp":"2022-06-30T13:31:55.532Z"}}
{"level":"notice","message":"next action: modify random","metadata":{"timestamp":"2022-06-30T13:31:57.596Z"}}
{"level":"notice","message":"next action: create random","metadata":{"timestamp":"2022-06-30T13:31:57.822Z"}}
{"level":"notice","message":"next action: remove random","metadata":{"timestamp":"2022-06-30T13:31:57.834Z"}}
{"level":"alert","message":true,"metadata":{"timestamp":"2022-06-30T13:31:58.663Z"}}
{"level":"notice","message":"next action: modify random","metadata":{"timestamp":"2022-06-30T13:31:58.663Z"}}
{"level":"notice","message":"next action: remove random","metadata":{"timestamp":"2022-06-30T13:31:59.972Z"}}
{"level":"notice","message":"next action: create random","metadata":{"timestamp":"2022-06-30T13:32:00.082Z"}}
{"level":"alert","message":true,"metadata":{"timestamp":"2022-06-30T13:32:01.013Z"}}
{"level":"notice","message":"next action: remove random","metadata":{"timestamp":"2022-06-30T13:32:01.013Z"}}
{"level":"notice","message":"next action: modify random","metadata":{"timestamp":"2022-06-30T13:32:02.935Z"}}
{"level":"notice","message":"next action: modify random","metadata":{"timestamp":"2022-06-30T13:32:03.195Z"}}
{"level":"notice","message":"next action: create random","metadata":{"timestamp":"2022-06-30T13:32:04.421Z"}}
{"level":"notice","message":"next action: create random","metadata":{"timestamp":"2022-06-30T13:32:05.107Z"}}
{"level":"alert","message":true,"metadata":{"timestamp":"2022-06-30T13:32:05.476Z"}}
{"level":"notice","message":"next action: modify random","metadata":{"timestamp":"2022-06-30T13:32:05.476Z"}}
{"level":"notice","message":"next action: modify random","metadata":{"timestamp":"2022-06-30T13:32:05.575Z"}}
{"level":"notice","message":"next action: modify random","metadata":{"timestamp":"2022-06-30T13:32:06.311Z"}}
{"level":"notice","message":"next action: modify random","metadata":{"timestamp":"2022-06-30T13:32:07.627Z"}}
{"level":"notice","message":"next action: remove random","metadata":{"timestamp":"2022-06-30T13:32:08.059Z"}}
{"level":"notice","message":"next action: create random","metadata":{"timestamp":"2022-06-30T13:32:08.617Z"}}
{"level":"alert","message":true,"metadata":{"timestamp":"2022-06-30T13:32:09.644Z"}}
{"level":"notice","message":"next action: remove random","metadata":{"timestamp":"2022-06-30T13:32:09.644Z"}}
{"level":"alert","message":true,"metadata":{"timestamp":"2022-06-30T13:32:13.349Z"}}
{"level":"notice","message":"next action: create random","metadata":{"timestamp":"2022-06-30T13:32:13.349Z"}}
{"level":"notice","message":"next action: modify random","metadata":{"timestamp":"2022-06-30T13:32:13.651Z"}}
{"level":"notice","message":"next action: remove random","metadata":{"timestamp":"2022-06-30T13:32:14.069Z"}}
{"level":"notice","message":"next action: modify random","metadata":{"timestamp":"2022-06-30T13:32:15.267Z"}}
{"level":"alert","message":true,"metadata":{"timestamp":"2022-06-30T13:32:16.115Z"}}
{"level":"notice","message":"next action: create random","metadata":{"timestamp":"2022-06-30T13:32:16.116Z"}}
{"level":"notice","message":"next action: create random","metadata":{"timestamp":"2022-06-30T13:32:18.620Z"}}
{"level":"alert","message":true,"metadata":{"timestamp":"2022-06-30T13:32:19.134Z"}}
{"level":"notice","message":"next action: modify random","metadata":{"timestamp":"2022-06-30T13:32:19.134Z"}}
{"level":"notice","message":"next action: modify random","metadata":{"timestamp":"2022-06-30T13:32:21.090Z"}}
{"level":"notice","message":"next action: remove random","metadata":{"timestamp":"2022-06-30T13:32:21.504Z"}}
{"level":"alert","message":true,"metadata":{"timestamp":"2022-06-30T13:32:21.779Z"}}
{"level":"notice","message":"next action: create random","metadata":{"timestamp":"2022-06-30T13:32:21.780Z"}}
{"level":"notice","message":"next action: create random","metadata":{"timestamp":"2022-06-30T13:32:21.994Z"}}
{"level":"alert","message":true,"metadata":{"timestamp":"2022-06-30T13:32:25.124Z"}}
{"level":"notice","message":"next action: create random","metadata":{"timestamp":"2022-06-30T13:32:25.125Z"}}
{"level":"alert","message":true,"metadata":{"timestamp":"2022-06-30T13:32:25.728Z"}}
{"level":"notice","message":"next action: modify random","metadata":{"timestamp":"2022-06-30T13:32:25.728Z"}}
{"level":"alert","message":true,"metadata":{"timestamp":"2022-06-30T13:32:27.146Z"}}
{"level":"notice","message":"next action: modify random","metadata":{"timestamp":"2022-06-30T13:32:27.146Z"}}
{"level":"notice","message":"next action: create random","metadata":{"timestamp":"2022-06-30T13:32:27.904Z"}}
{"level":"alert","message":true,"metadata":{"timestamp":"2022-06-30T13:32:28.903Z"}}
{"level":"notice","message":"next action: modify random","metadata":{"timestamp":"2022-06-30T13:32:28.903Z"}}
{"level":"notice","message":"next action: remove random","metadata":{"timestamp":"2022-06-30T13:32:29.511Z"}}
{"level":"notice","message":"next action: modify random","metadata":{"timestamp":"2022-06-30T13:32:30.264Z"}}
{"level":"notice","message":"next action: modify random","metadata":{"timestamp":"2022-06-30T13:32:30.955Z"}}
{"level":"notice","message":"next action: remove random","metadata":{"timestamp":"2022-06-30T13:32:31.111Z"}}
{"level":"notice","message":"next action: modify random","metadata":{"timestamp":"2022-06-30T13:32:31.945Z"}}
{"level":"notice","message":"next action: modify random","metadata":{"timestamp":"2022-06-30T13:32:31.961Z"}}
{"level":"notice","message":"next action: remove random","metadata":{"timestamp":"2022-06-30T13:32:32.983Z"}}
{"level":"notice","message":"next action: modify random","metadata":{"timestamp":"2022-06-30T13:32:33.838Z"}}
{"level":"notice","message":"next action: create random","metadata":{"timestamp":"2022-06-30T13:32:35.323Z"}}
{"level":"notice","message":"next action: create random","metadata":{"timestamp":"2022-06-30T13:32:36.309Z"}}
{"level":"alert","message":true,"metadata":{"timestamp":"2022-06-30T13:32:38.165Z"}}
{"level":"notice","message":"next action: modify random","metadata":{"timestamp":"2022-06-30T13:32:38.166Z"}}
{"level":"alert","message":true,"metadata":{"timestamp":"2022-06-30T13:32:38.448Z"}}
{"level":"notice","message":"next action: remove random","metadata":{"timestamp":"2022-06-30T13:32:38.449Z"}}
{"level":"notice","message":"next action: modify random","metadata":{"timestamp":"2022-06-30T13:32:39.459Z"}}
{"level":"notice","message":"next action: remove random","metadata":{"timestamp":"2022-06-30T13:32:40.000Z"}}
{"level":"notice","message":"next action: modify random","metadata":{"timestamp":"2022-06-30T13:32:42.287Z"}}
{"level":"notice","message":"next action: modify random","metadata":{"timestamp":"2022-06-30T13:32:42.977Z"}}
{"level":"notice","message":"next action: modify random","metadata":{"timestamp":"2022-06-30T13:32:43.311Z"}}
{"level":"notice","message":"next action: modify random","metadata":{"timestamp":"2022-06-30T13:32:43.639Z"}}
{"level":"notice","message":"next action: modify random","metadata":{"timestamp":"2022-06-30T13:32:43.767Z"}}
{"level":"notice","message":"next action: create random","metadata":{"timestamp":"2022-06-30T13:32:43.907Z"}}
{"level":"notice","message":"next action: create random","metadata":{"timestamp":"2022-06-30T13:32:45.086Z"}}
{"level":"alert","message":true,"metadata":{"timestamp":"2022-06-30T13:32:46.927Z"}}
{"level":"notice","message":"next action: remove random","metadata":{"timestamp":"2022-06-30T13:32:46.927Z"}}
{"level":"alert","message":true,"metadata":{"timestamp":"2022-06-30T13:32:47.418Z"}}
{"level":"notice","message":"next action: modify random","metadata":{"timestamp":"2022-06-30T13:32:47.418Z"}}
{"level":"notice","message":"next action: modify random","metadata":{"timestamp":"2022-06-30T13:32:47.818Z"}}
{"level":"notice","message":"next action: modify random","metadata":{"timestamp":"2022-06-30T13:32:49.401Z"}}
{"level":"notice","message":"next action: create random","metadata":{"timestamp":"2022-06-30T13:32:49.467Z"}}
{"level":"notice","message":"next action: modify random","metadata":{"timestamp":"2022-06-30T13:32:51.075Z"}}
{"level":"alert","message":true,"metadata":{"timestamp":"2022-06-30T13:32:51.155Z"}}
{"level":"notice","message":"next action: modify random","metadata":{"timestamp":"2022-06-30T13:32:51.155Z"}}
{"level":"notice","message":"next action: create random","metadata":{"timestamp":"2022-06-30T13:32:53.034Z"}}
{"level":"notice","message":"next action: remove random","metadata":{"timestamp":"2022-06-30T13:32:53.224Z"}}
{"level":"alert","message":true,"metadata":{"timestamp":"2022-06-30T13:32:53.798Z"}}
{"level":"notice","message":"next action: modify random","metadata":{"timestamp":"2022-06-30T13:32:53.798Z"}}
{"level":"notice","message":"next action: create random","metadata":{"timestamp":"2022-06-30T13:32:55.062Z"}}
{"level":"notice","message":"next action: modify random","metadata":{"timestamp":"2022-06-30T13:32:56.448Z"}}
{"level":"alert","message":true,"metadata":{"timestamp":"2022-06-30T13:32:56.572Z"}}
{"level":"notice","message":"next action: modify random","metadata":{"timestamp":"2022-06-30T13:32:56.572Z"}}
{"level":"notice","message":"next action: create random","metadata":{"timestamp":"2022-06-30T13:32:56.878Z"}}
{"level":"notice","message":"next action: modify random","metadata":{"timestamp":"2022-06-30T13:32:57.107Z"}}
{"level":"alert","message":true,"metadata":{"timestamp":"2022-06-30T13:32:57.693Z"}}
{"level":"notice","message":"next action: remove random","metadata":{"timestamp":"2022-06-30T13:32:57.693Z"}}
{"level":"notice","message":"next action: modify random","metadata":{"timestamp":"2022-06-30T13:32:58.489Z"}}
{"level":"notice","message":"next action: modify random","metadata":{"timestamp":"2022-06-30T13:32:58.504Z"}}
{"level":"notice","message":"next action: modify random","metadata":{"timestamp":"2022-06-30T13:32:59.348Z"}}
{"level":"notice","message":"next action: modify random","metadata":{"timestamp":"2022-06-30T13:33:00.073Z"}}
{"level":"notice","message":"next action: modify random","metadata":{"timestamp":"2022-06-30T13:33:01.033Z"}}
{"level":"notice","message":"next action: modify random","metadata":{"timestamp":"2022-06-30T13:33:01.115Z"}}
{"level":"notice","message":"next action: create random","metadata":{"timestamp":"2022-06-30T13:33:01.425Z"}}
{"level":"alert","message":false,"metadata":{"timestamp":"2022-06-30T13:33:02.027Z"}}
{"level":"notice","message":"next action: create random","metadata":{"timestamp":"2022-06-30T13:33:02.027Z"}}
